<?xml version="1.0" encoding="UTF-8"?>
<!-- Generated by org.testng.reporters.JUnitXMLReporter -->
<testsuite hostname="LAPTOP-6Q09DOQ1" ignored="0" name="Default test" tests="2" failures="0" timestamp="11 Dec 2021 18:40:02 GMT" time="35.169" errors="0">
  <testcase name="registrationPageValidation" time="13.078" classname="org.mma.training.java.selenium.web.tours.MercuryWebTourTest"/>
  <testcase name="registrationPageValidation" time="13.036" classname="org.mma.training.java.selenium.web.tours.MercuryWebTourTest"/>
</testsuite> <!-- Default test -->
