<?xml version="1.0" encoding="UTF-8"?>
<!-- Generated by org.testng.reporters.JUnitXMLReporter -->
<testsuite hostname="LAPTOP-6Q09DOQ1" ignored="0" name="Test" tests="2" failures="0" timestamp="11 Dec 2021 17:46:23 GMT" time="35.772" errors="0">
  <testcase name="registrationPageValidation" time="12.776" classname="org.mma.training.java.selenium.web.tours.MercuryWebTourTest"/>
  <testcase name="registrationPageValidation" time="12.38" classname="org.mma.training.java.selenium.web.tours.MercuryWebTourTest"/>
</testsuite> <!-- Test -->
